C51 COMPILER V9.54   SEND_STRING                                                           12/07/2020 19:20:01 PAGE 1   


C51 COMPILER V9.54, COMPILATION OF MODULE SEND_STRING
OBJECT MODULE PLACED IN .\Objects\send_string.obj
COMPILER INVOKED BY: D:\Keil_v5\C51\BIN\C51.EXE send_string.c OPTIMIZE(8,SPEED) BROWSE DEBUG OBJECTEXTEND PRINT(.\Listin
                    -gs\send_string.lst) TABS(2) OBJECT(.\Objects\send_string.obj)

line level    source

   1          #include<reg52.h>
   2          
   3          //------------------串口通信协议-----------------//
   4          /*
   5              客户端数据接收解释(长度恒为15):
   6              例如:A01_fmq_01Off___#
   7              A--------数据包开始标记
   8              01-----设备ID
   9              fmq_01Off___--------指令(长度恒为10),指令前4个是头部,指令后6个是尾部
  10              #---------数据包结束标志
  11          
  12              服务端数据包格式解析(长度恒为15):
  13              例如:A02_SenT010250#
  14              A--------数据包开始标记
  15              02-----设备ID
  16              SenT010250--------指令(长度恒为10),指令前4个是头部,指令后6个是尾部
  17              #---------数据包结束标志
  18          */
  19          char buf_string[20];    //定义数据包长度为16位
  20          char send_string[20];   //定义回复包数组
  21          #define deviceID_1Bit '0'                //定义设备ID第一位
  22          #define deviceID_2Bit '2'                //定义设备ID第二位
  23          #define datapackage_headflag 'A'        //定义指令头部验证标记
  24          
  25          char DataPackage_DS18B20[16]={datapackage_headflag,deviceID_1Bit,deviceID_2Bit,'_','S','e','n','T','X','X'
             -,'X','X','X','X','#'};
  26          char HeartBeat[16]={datapackage_headflag,deviceID_1Bit,deviceID_2Bit,'_','B','e','a','t','X','X','X','X','
             -X','X','#'};
  27          
  28          sbit LED2=P2^1;
  29          //----------------------------------------------//
  30          /*******************************
  31          
  32              MCU:89C52RC        11.0592MHz
  33          
  34          //11.0592MHz 0xd0 1200bps
  35          //12MHz 0xcc 1200bps
  36          //11.0592MHz 0xfa 9600bps
  37          //0xf4 11.0592MHz  0xf3 12MHz 4800bps
  38          //??SMOD=1????(???????)
  39          *******************************/
  40          //接收数据
  41          void PutString(unsigned char *TXStr)  
  42          {                
  43   1          ES=0;     
  44   1           while(*TXStr!=0) 
  45   1          {                      
  46   2              SBUF=*TXStr;
  47   2              while(TI==0);
  48   2              TI=0;    
  49   2              TXStr++;
  50   2          }
  51   1          ES=1; 
  52   1      }                                                     
C51 COMPILER V9.54   SEND_STRING                                                           12/07/2020 19:20:01 PAGE 2   

  53          //发送数据
  54          bit ReceiveString()    
  55          {
  56   1          char * RecStr=buf_string;
  57   1          char num=0;
  58   1          unsigned char count=0;
  59   1          loop:    
  60   1          *RecStr=SBUF;
  61   1          count=0;
  62   1          RI=0;    
  63   1          if(num<14)  //连续接收15个字符
  64   1          {
  65   2              num++;
  66   2              RecStr++;    
  67   2              while(!RI)
  68   2              {
  69   3                  count++;
  70   3                  if(count>130)return 0;    //接收数据等待延时
  71   3              }
  72   2              goto loop;
  73   2          }
  74   1          return 1;
  75   1      }
  76          //串口初始化
  77          void Init_USART()  
  78          {
  79   1          SCON=0x50;  //串口方式1,使能接收
  80   1          TMOD|=0x20;  //定时器1，工作方式2
  81   1          TMOD&=~0x10;
  82   1          TH1=0xfa;   //9600bps
  83   1          TL1=0xfa;  
  84   1          PCON|=0x80;  //SMOD=1
  85   1          TR1=1;
  86   1          TI=0;
  87   1          RI=0;
  88   1          //PS=1; 
  89   1          ES=1;  //开启串口中断使能
  90   1      }
  91          //头部比较函数
  92          bit CompareCMD_head(char CMD_head[])    
  93          {
  94   1          unsigned char CharNum;
  95   1          for(CharNum=0;CharNum<4;CharNum++)  //指令长度位
  96   1          {
  97   2              if(!(buf_string[CharNum+4]==CMD_head[CharNum]))
  98   2              {
  99   3                  return 0;  //失败返回0
 100   3              }
 101   2          }
 102   1          return 1;        //成功返回1
 103   1      }
 104          //比较指令尾部(start:从哪里开始比较,quality:比较多少个字符,CMD_tail[]:要比较的字符串)
 105          bit CompareCMD_tail(unsigned char start,unsigned char quality,char CMD_tail[]) 
 106          {
 107   1          unsigned char CharNum;
 108   1          for(CharNum=0;CharNum<quality;CharNum++)
 109   1          {
 110   2              if(!(buf_string[start+CharNum]==CMD_tail[CharNum]))
 111   2              {
 112   3                  return 0; 
 113   3              }
 114   2          }
C51 COMPILER V9.54   SEND_STRING                                                           12/07/2020 19:20:01 PAGE 3   

 115   1          return 1;
 116   1      }
 117          bit Deal_UART_RecData()   //处理串口接收数据包函数(成功处理数据包返回1,失败返回0)
 118          {
 119   1          //PutString(buf_string);
 120   1          if(buf_string[0]==datapackage_headflag&&buf_string[14]=='#')  //进行数据包头尾验证
 121   1          {        
 122   2              switch(buf_string[1])        //设备ID第一位
 123   2              {
 124   3                  case '0':
 125   3                      switch(buf_string[2])        //设备ID第二位
 126   3                      {
 127   4                          case '3':
 128   4                              if(CompareCMD_head("Ligt"))    //命令头部"Ligt"
 129   4                              {
 130   5                                  //?????????
 131   5                                  switch(buf_string[8])
 132   5                                  {
 133   6                                      case '0':
 134   6                                          switch(buf_string[9])
 135   6                                          {
 136   7                                              case '0':            
 137   7                                                  
 138   7                                                  return 0;
 139   7                                              case '1':
 140   7                                                  if(CompareCMD_tail(10,3,"Off"))   //A03_Ligt01Off_#
 141   7                                                  {
 142   8                                                      
 143   8                                                    send_string[0]='S';
 144   8                                                    send_string[1]='O';
 145   8                                                    send_string[2]='J';
 146   8                                                    send_string[3]='B';
 147   8                                                    send_string[4]='B';
 148   8                                                    send_string[5]='B';
 149   8                                                    send_string[6]='S';
 150   8                                                    
 151   8                                                    
 152   8                                                    LED2 = 0;                     
 153   8                                                    PutString(send_string) ;//匹配成功返回字符串定义
 154   8                                                    
 155   8                                                      return 1;
 156   8                                                  }
 157   7                                                  if(CompareCMD_tail(10,3,"On_"))
 158   7                                                  {
 159   8                                                      
 160   8                                                      return 1;
 161   8                                                  }
 162   7                                                  return 0;
 163   7                                              default:
 164   7                                                  return 0;
 165   7                                          }
 166   6                                      case '1':
 167   6                                          
 168   6                                      default:
 169   6                                          return 0;
 170   6                                  }            
 171   5                              }
 172   4                              if(CompareCMD_head("SenT"))  
 173   4                              {
 174   5                                              
 175   5                                  
 176   5                              }
C51 COMPILER V9.54   SEND_STRING                                                           12/07/2020 19:20:01 PAGE 4   

 177   4                              if(CompareCMD_head("jdq_"))  
 178   4                              {
 179   5                                  
 180   5                                  
 181   5                              }
 182   4                              if(CompareCMD_head("Try!"))  
 183   4                              {
 184   5                                  
 185   5                                  
 186   5                              }
 187   4                              return 0;
 188   4                          
 189   4                          default:
 190   4                              return 0;
 191   4                      }
 192   3                  default:
 193   3                      return 0;
 194   3              }
 195   2          }
 196   1          return 0;
 197   1      }
 198          /************************
 199                  ????
 200          ************************/
 201          //????????-----------
 202          void USART() interrupt 4   //???TI?RI??????,TI?RI??????????
 203          {
 204   1          if(ReceiveString())    
 205   1          {
 206   2              //自己字节长度匹配成功运行如下含函数度
 207   2              Deal_UART_RecData();   
 208   2          }
 209   1          else
 210   1          {
 211   2              //??????????????
 212   2              //LED1=~LED1;                
 213   2          }
 214   1          RI=0;  //?????????????????????,??????????????????
 215   1      }
 216          /***************************
 217                  主函数
 218          ***************************/
 219          void main()
 220          {
 221   1          EA=1;
 222   1          Init_USART();
 223   1          while(1)
 224   1          {
 225   2              //PutString(buf_string);//??20H,??0DH
 226   2              
 227   2          }
 228   1      }


MODULE INFORMATION:   STATIC OVERLAYABLE
   CODE SIZE        =    414    ----
   CONSTANT SIZE    =     28    ----
   XDATA SIZE       =   ----    ----
   PDATA SIZE       =   ----    ----
   DATA SIZE        =     72       7
   IDATA SIZE       =   ----    ----
   BIT SIZE         =   ----    ----
C51 COMPILER V9.54   SEND_STRING                                                           12/07/2020 19:20:01 PAGE 5   

END OF MODULE INFORMATION.


C51 COMPILATION COMPLETE.  0 WARNING(S),  0 ERROR(S)
